<?xml version="1.0" encoding="UTF-8"?>
<!-- Generated by org.testng.reporters.JUnitXMLReporter -->
<testsuite ignored="0" hostname="DESKTOP-ID3D3IL" failures="0" tests="5" name="Test" time="0.158" errors="0" timestamp="2022-05-09T20:10:38 IST">
  <testcase classname="testngdiscussion.TestClass1" name="dashboard" time="0.013"/>
  <testcase classname="testngdiscussion.TestClass1" name="login" time="0.007"/>
  <testcase classname="testngdiscussion.TestClass2" name="home" time="0.004"/>
  <testcase classname="testngdiscussion.TestClass2" name="logout" time="0.006"/>
  <testcase classname="testngdiscussion.TestClass2" name="profile" time="0.004"/>
</testsuite> <!-- Test -->
